<?xml version="1.0" encoding="UTF-8"?>
<robot generator="Robot 6.1.1 (Python 3.8.5 on win32)" generated="20231130 18:16:57.252" rpa="false" schemaversion="4">
<suite id="s1" name="Crm" source="Source Directory for the project">
<test id="s1-t1" name="Should be able to add new customer" line="18">
<kw name="Begin Web Test" library="CommonApp" type="SETUP">
<kw name="Log" library="BuiltIn">
<arg>Starting the test case!</arg>
<doc>Logs the given message with the given level.</doc>
<msg timestamp="20231130 18:16:57.563" level="INFO">Starting the test case!</msg>
<status status="PASS" starttime="20231130 18:16:57.563" endtime="20231130 18:16:57.563"/>
</kw>
<kw name="Set Selenium Speed" library="SeleniumLibrary">
<arg>0.5s</arg>
<doc>Sets the delay that is waited after each Selenium command.</doc>
<status status="PASS" starttime="20231130 18:16:57.563" endtime="20231130 18:16:57.563"/>
</kw>
<kw name="Open Browser" library="SeleniumLibrary">
<arg>about:blank</arg>
<arg>${BROWSER}</arg>
<doc>Opens a new browser instance to the optional ``url``.</doc>
<msg timestamp="20231130 18:16:57.564" level="INFO">Opening browser 'chrome' to base url 'about:blank'.</msg>
<status status="PASS" starttime="20231130 18:16:57.563" endtime="20231130 18:17:01.833"/>
</kw>
<status status="PASS" starttime="20231130 18:16:57.563" endtime="20231130 18:17:01.833"/>
</kw>
<kw name="Load Home Page" library="CrmApp">
<kw name="Load" library="LandingPage">
<kw name="Go To" library="SeleniumLibrary">
<arg>${START_URL}</arg>
<doc>Navigates the current browser window to the provided ``url``.</doc>
<msg timestamp="20231130 18:17:01.834" level="INFO">Opening url 'https://automationplayground.com/crm/'</msg>
<status status="PASS" starttime="20231130 18:17:01.834" endtime="20231130 18:17:03.985"/>
</kw>
<status status="PASS" starttime="20231130 18:17:01.834" endtime="20231130 18:17:03.985"/>
</kw>
<kw name="Verify Page Loaded" library="LandingPage">
<kw name="Wait Until Page Contains" library="SeleniumLibrary">
<arg>Customers Are Priority One!</arg>
<doc>Waits until ``text`` appears on the current page.</doc>
<status status="PASS" starttime="20231130 18:17:03.986" endtime="20231130 18:17:04.513"/>
</kw>
<status status="PASS" starttime="20231130 18:17:03.985" endtime="20231130 18:17:04.513"/>
</kw>
<status status="PASS" starttime="20231130 18:17:01.834" endtime="20231130 18:17:04.513"/>
</kw>
<kw name="Login With Valid Credentials" library="CrmApp">
<arg>${VALID_LOGIN_EMAIL}</arg>
<arg>${VALID_LOGIN_PASSWORD}</arg>
<kw name="Click On &quot;Sign In&quot; Button" library="LandingPage">
<kw name="Click Link" library="SeleniumLibrary">
<arg>login.html</arg>
<doc>Clicks a link identified by ``locator``.</doc>
<msg timestamp="20231130 18:17:04.515" level="INFO">Clicking link 'login.html'.</msg>
<status status="PASS" starttime="20231130 18:17:04.514" endtime="20231130 18:17:06.213"/>
</kw>
<status status="PASS" starttime="20231130 18:17:04.514" endtime="20231130 18:17:06.213"/>
</kw>
<kw name="Verify Login Page Loaded" library="LandingPage">
<kw name="Wait Until Page Contains" library="SeleniumLibrary">
<arg>Login</arg>
<doc>Waits until ``text`` appears on the current page.</doc>
<status status="PASS" starttime="20231130 18:17:06.214" endtime="20231130 18:17:06.733"/>
</kw>
<status status="PASS" starttime="20231130 18:17:06.213" endtime="20231130 18:17:06.733"/>
</kw>
<kw name="Input Login Credentials and Sign In" library="LoginPage">
<arg>${Email}</arg>
<arg>${Password}</arg>
<kw name="Input Valid Sign In Credentials" library="SignIn">
<arg>${Login_Email}</arg>
<arg>${Login_Password}</arg>
<kw name="Input Text" library="SeleniumLibrary">
<arg>id=email-id</arg>
<arg>${Email}</arg>
<doc>Types the given ``text`` into the text field identified by ``locator``.</doc>
<msg timestamp="20231130 18:17:06.735" level="INFO">Typing text 'admin@robotframeworktutorial.com' into text field 'id=email-id'.</msg>
<status status="PASS" starttime="20231130 18:17:06.734" endtime="20231130 18:17:08.395"/>
</kw>
<kw name="Input Text" library="SeleniumLibrary">
<arg>id=password</arg>
<arg>${Password}</arg>
<doc>Types the given ``text`` into the text field identified by ``locator``.</doc>
<msg timestamp="20231130 18:17:08.398" level="INFO">Typing text 'admin' into text field 'id=password'.</msg>
<status status="PASS" starttime="20231130 18:17:08.396" endtime="20231130 18:17:10.015"/>
</kw>
<status status="PASS" starttime="20231130 18:17:06.734" endtime="20231130 18:17:10.015"/>
</kw>
<kw name="Click On &quot;Submit&quot; Button" library="SignIn">
<kw name="Click Button" library="SeleniumLibrary">
<arg>id=submit-id</arg>
<doc>Clicks the button identified by ``locator``.</doc>
<msg timestamp="20231130 18:17:10.016" level="INFO">Clicking button 'id=submit-id'.</msg>
<status status="PASS" starttime="20231130 18:17:10.015" endtime="20231130 18:17:12.752"/>
</kw>
<status status="PASS" starttime="20231130 18:17:10.015" endtime="20231130 18:17:12.752"/>
</kw>
<status status="PASS" starttime="20231130 18:17:06.733" endtime="20231130 18:17:12.752"/>
</kw>
<kw name="Verify Customers Page Loaded" library="LoginPage">
<kw name="Wait Until Page Contains" library="SeleniumLibrary">
<arg>Our Happy Customers</arg>
<doc>Waits until ``text`` appears on the current page.</doc>
<status status="PASS" starttime="20231130 18:17:12.753" endtime="20231130 18:17:13.601"/>
</kw>
<status status="PASS" starttime="20231130 18:17:12.752" endtime="20231130 18:17:13.601"/>
</kw>
<status status="PASS" starttime="20231130 18:17:04.513" endtime="20231130 18:17:13.601"/>
</kw>
<kw name="Add New Customer" library="CrmApp">
<kw name="Click On New Customers Button" library="Customers">
<kw name="Click Element" library="SeleniumLibrary">
<arg>id=new-customer</arg>
<doc>Click the element identified by ``locator``.</doc>
<msg timestamp="20231130 18:17:13.603" level="INFO">Clicking element 'id=new-customer'.</msg>
<status status="PASS" starttime="20231130 18:17:13.602" endtime="20231130 18:17:15.413"/>
</kw>
<status status="PASS" starttime="20231130 18:17:13.602" endtime="20231130 18:17:15.413"/>
</kw>
<kw name="Verify Add Customer Page Loaded" library="Customers">
<kw name="Page Should Contain" library="SeleniumLibrary">
<arg>Add Customer</arg>
<doc>Verifies that current page contains ``text``.</doc>
<msg timestamp="20231130 18:17:16.463" level="INFO">Current page contains text 'Add Customer'.</msg>
<status status="PASS" starttime="20231130 18:17:15.415" endtime="20231130 18:17:16.463"/>
</kw>
<status status="PASS" starttime="20231130 18:17:15.414" endtime="20231130 18:17:16.463"/>
</kw>
<kw name="Add A New Customer" library="AddCustomers">
<kw name="Input Customer Credentials" library="AddCustomers">
<kw name="Input Customer Email" library="AddCustomers">
<kw name="Input Text" library="SeleniumLibrary">
<arg>id=EmailAddress</arg>
<arg>janedoe@gmail.com</arg>
<doc>Types the given ``text`` into the text field identified by ``locator``.</doc>
<msg timestamp="20231130 18:17:16.466" level="INFO">Typing text 'janedoe@gmail.com' into text field 'id=EmailAddress'.</msg>
<status status="PASS" starttime="20231130 18:17:16.465" endtime="20231130 18:17:18.049"/>
</kw>
<status status="PASS" starttime="20231130 18:17:16.465" endtime="20231130 18:17:18.049"/>
</kw>
<kw name="Input Customer Name" library="AddCustomers">
<kw name="Input Text" library="SeleniumLibrary">
<arg>id=FirstName</arg>
<arg>Jane</arg>
<doc>Types the given ``text`` into the text field identified by ``locator``.</doc>
<msg timestamp="20231130 18:17:18.050" level="INFO">Typing text 'Jane' into text field 'id=FirstName'.</msg>
<status status="PASS" starttime="20231130 18:17:18.049" endtime="20231130 18:17:19.644"/>
</kw>
<kw name="Input Text" library="SeleniumLibrary">
<arg>id=LastName</arg>
<arg>Doe</arg>
<doc>Types the given ``text`` into the text field identified by ``locator``.</doc>
<msg timestamp="20231130 18:17:19.644" level="INFO">Typing text 'Doe' into text field 'id=LastName'.</msg>
<status status="PASS" starttime="20231130 18:17:19.644" endtime="20231130 18:17:21.220"/>
</kw>
<status status="PASS" starttime="20231130 18:17:18.049" endtime="20231130 18:17:21.220"/>
</kw>
<kw name="Input Customer City And State" library="AddCustomers">
<kw name="Input Text" library="SeleniumLibrary">
<arg>id=City</arg>
<arg>San Diego</arg>
<doc>Types the given ``text`` into the text field identified by ``locator``.</doc>
<msg timestamp="20231130 18:17:21.220" level="INFO">Typing text 'San Diego' into text field 'id=City'.</msg>
<status status="PASS" starttime="20231130 18:17:21.220" endtime="20231130 18:17:22.797"/>
</kw>
<kw name="Select From List By Value" library="SeleniumLibrary">
<arg>id=StateOrRegion</arg>
<arg>CA</arg>
<doc>Selects options from selection list ``locator`` by ``values``.</doc>
<msg timestamp="20231130 18:17:22.798" level="INFO">Selecting options from selection list 'id=StateOrRegion' by value CA.</msg>
<status status="PASS" starttime="20231130 18:17:22.797" endtime="20231130 18:17:26.982"/>
</kw>
<status status="PASS" starttime="20231130 18:17:21.220" endtime="20231130 18:17:26.982"/>
</kw>
<kw name="Input Customer Gender" library="AddCustomers">
<kw name="Select Radio Button" library="SeleniumLibrary">
<arg>gender</arg>
<arg>female</arg>
<doc>Sets the radio button group ``group_name`` to ``value``.</doc>
<msg timestamp="20231130 18:17:26.982" level="INFO">Selecting 'female' from radio button 'gender'.</msg>
<status status="PASS" starttime="20231130 18:17:26.982" endtime="20231130 18:17:28.589"/>
</kw>
<status status="PASS" starttime="20231130 18:17:26.982" endtime="20231130 18:17:28.589"/>
</kw>
<kw name="Check Promotional List" library="AddCustomers">
<kw name="Select Checkbox" library="SeleniumLibrary">
<arg>name=promos-name</arg>
<doc>Selects the checkbox identified by ``locator``.</doc>
<msg timestamp="20231130 18:17:28.590" level="INFO">Selecting checkbox 'name=promos-name'.</msg>
<status status="PASS" starttime="20231130 18:17:28.589" endtime="20231130 18:17:31.232"/>
</kw>
<status status="PASS" starttime="20231130 18:17:28.589" endtime="20231130 18:17:31.232"/>
</kw>
<status status="PASS" starttime="20231130 18:17:16.464" endtime="20231130 18:17:31.232"/>
</kw>
<kw name="Click &quot;Submit&quot; Button" library="AddCustomers">
<kw name="Click Button" library="SeleniumLibrary">
<arg>Submit</arg>
<doc>Clicks the button identified by ``locator``.</doc>
<msg timestamp="20231130 18:17:31.232" level="INFO">Clicking button 'Submit'.</msg>
<status status="PASS" starttime="20231130 18:17:31.232" endtime="20231130 18:17:33.485"/>
</kw>
<status status="PASS" starttime="20231130 18:17:31.232" endtime="20231130 18:17:33.485"/>
</kw>
<status status="PASS" starttime="20231130 18:17:16.464" endtime="20231130 18:17:33.485"/>
</kw>
<kw name="Verify Customer Succesfully Added" library="AddCustomers">
<kw name="Wait Until Page Contains" library="SeleniumLibrary">
<arg>Success! New customer added.</arg>
<doc>Waits until ``text`` appears on the current page.</doc>
<status status="PASS" starttime="20231130 18:17:33.485" endtime="20231130 18:17:34.004"/>
</kw>
<status status="PASS" starttime="20231130 18:17:33.485" endtime="20231130 18:17:34.004"/>
</kw>
<status status="PASS" starttime="20231130 18:17:13.602" endtime="20231130 18:17:34.004"/>
</kw>
<kw name="End Web Test" library="CommonApp" type="TEARDOWN">
<kw name="Close All Browsers" library="SeleniumLibrary">
<doc>Closes all open browsers and resets the browser cache.</doc>
<status status="PASS" starttime="20231130 18:17:34.005" endtime="20231130 18:17:36.553"/>
</kw>
<status status="PASS" starttime="20231130 18:17:34.005" endtime="20231130 18:17:36.553"/>
</kw>
<doc>Input login credentials and add new customer</doc>
<tag>loginTest</tag>
<status status="PASS" starttime="20231130 18:16:57.562" endtime="20231130 18:17:36.554"/>
</test>
<doc>This is some basic info about a whole SUITE</doc>
<status status="PASS" starttime="20231130 18:16:57.253" endtime="20231130 18:17:36.557"/>
</suite>
<statistics>
<total>
<stat pass="1" fail="0" skip="0">All Tests</stat>
</total>
<tag>
<stat pass="1" fail="0" skip="0">loginTest</stat>
</tag>
<suite>
<stat pass="1" fail="0" skip="0" id="s1" name="Crm">Crm</stat>
</suite>
</statistics>
<errors>
</errors>
</robot>
